Sheet summary:
        0 labels with no wings
        0 labels with one wing
        24 labels with two wings
        0 labels with more than two wings
Processing file 2/108: Hive01_Sheet_02.tif
Sheet summary:
        0 labels with no wings
        0 labels with one wing
        23 labels with two wings
        1 labels with more than two wings
Processing file 3/108: Hive01_Sheet_03.tif
Sheet summary:
        19 labels with no wings
        1 labels with one wing
        4 labels with two wings
        0 labels with more than two wings
Processing file 4/108: Hive02_Sheet_01.tif
Sheet summary:
        1 labels with no wings
        1 labels with one wing
        22 labels with two wings
        0 labels with more than two wings
Processing file 5/108: Hive02_Sheet_02.tif
Sheet summary:
        2 labels with no wings
        1 labels with one wing
        21 labels with two wings
        0 labels with more than two wings
Processing file 6/108: Hive02_Sheet_03.tif
Sheet summary:
        0 labels with no wings
        2 labels with one wing
        22 labels with two wings
        0 labels with more than two wings
Processing file 7/108: Hive03_Sheet_01.tif
Sheet summary:
        10 labels with no wings
        3 labels with one wing
        11 labels with two wings
        0 labels with more than two wings
Processing file 8/108: Hive04_Sheet_01.tif
Sheet summary:
        6 labels with no wings
        0 labels with one wing
        18 labels with two wings
        0 labels with more than two wings
Processing file 9/108: Hive04_Sheet_02.tif
Sheet summary:
        6 labels with no wings
        0 labels with one wing
        18 labels with two wings
        0 labels with more than two wings
Processing file 10/108: Hive05_Sheet_01.tif
Sheet summary:
        8 labels with no wings
        2 labels with one wing
        14 labels with two wings
        0 labels with more than two wings
Processing file 11/108: Hive06_Sheet_01.tif
Sheet summary:
        0 labels with no wings
        0 labels with one wing
        24 labels with two wings
        0 labels with more than two wings
Processing file 12/108: Hive06_Sheet_02.tif
Sheet summary:
        0 labels with no wings
        0 labels with one wing
        23 labels with two wings
        1 labels with more than two wings
Processing file 13/108: Hive06_Sheet_03.tif
Sheet summary:
        1 labels with no wings
        0 labels with one wing
        23 labels with two wings
        0 labels with more than two wings
Processing file 14/108: Hive06_Sheet_04.tif
Sheet summary:
        1 labels with no wings
        0 labels with one wing
        23 labels with two wings
        0 labels with more than two wings
Processing file 15/108: Hive06_Sheet_05.tif
Sheet summary:
        3 labels with no wings
        0 labels with one wing
        21 labels with two wings
        0 labels with more than two wings
Processing file 16/108: Hive07_Sheet_01.tif
Killed
